2017-12-05 15:49:53,320 [Worker-3] INFO  c.g.t.t.d.PublishedGradleVersions - Gradle version information cache is up-to-date. Trying to read.
2017-12-05 15:51:14,159 [Worker-0] INFO  c.g.t.t.d.PublishedGradleVersions - Gradle version information cache is up-to-date. Trying to read.
2017-12-05 15:52:56,307 [Worker-5] INFO  c.g.t.t.d.PublishedGradleVersions - Gradle version information cache is up-to-date. Trying to read.
2017-12-05 15:57:20,514 [Worker-2] INFO  c.g.t.t.d.PublishedGradleVersions - Gradle version information cache is up-to-date. Trying to read.
2017-12-05 15:59:53,574 [Worker-7] INFO  c.g.t.t.d.PublishedGradleVersions - Gradle version information cache is up-to-date. Trying to read.
2017-12-05 16:00:34,041 [Worker-0] INFO  c.g.t.t.d.PublishedGradleVersions - Gradle version information cache is up-to-date. Trying to read.
2017-12-05 16:09:08,520 [Worker-1] INFO  c.g.t.t.d.PublishedGradleVersions - Gradle version information cache is up-to-date. Trying to read.
2017-12-05 16:20:52,653 [Start Help Server] INFO  org.eclipse.jetty.util.log - Logging initialized @717208ms to org.eclipse.jetty.util.log.Slf4jLog
2017-12-05 16:20:52,790 [Start Help Server] INFO  org.eclipse.jetty.server.Server - jetty-9.4.5.v20170502
2017-12-05 16:20:52,816 [Start Help Server] INFO  org.eclipse.jetty.server.session - DefaultSessionIdManager workerName=node0
2017-12-05 16:20:52,816 [Start Help Server] INFO  org.eclipse.jetty.server.session - No SessionScavenger set, using defaults
2017-12-05 16:20:52,818 [Start Help Server] INFO  org.eclipse.jetty.server.session - Scavenging every 600000ms
2017-12-05 16:20:52,845 [Start Help Server] INFO  o.e.j.server.handler.ContextHandler - Started o.e.j.s.ServletContextHandler@355c3ef1{/help,null,AVAILABLE}
2017-12-05 16:20:52,860 [Start Help Server] INFO  o.e.jetty.server.AbstractConnector - Started ServerConnector@7e875ee{HTTP/1.1,[http/1.1]}{127.0.0.1:37073}
2017-12-05 16:20:52,860 [Start Help Server] INFO  org.eclipse.jetty.server.Server - Started @717416ms
2017-12-05 16:28:28,669 [Stop Help Server] INFO  o.e.jetty.server.AbstractConnector - Stopped ServerConnector@7e875ee{HTTP/1.1,[http/1.1]}{127.0.0.1:0}
2017-12-05 16:28:28,670 [Stop Help Server] INFO  org.eclipse.jetty.server.session - Stopped scavenging
2017-12-05 16:28:28,694 [Stop Help Server] INFO  o.e.j.server.handler.ContextHandler - Stopped o.e.j.s.ServletContextHandler@355c3ef1{/help,null,UNAVAILABLE}
2017-12-05 17:17:03,696 [Worker-6] INFO  c.g.t.t.d.PublishedGradleVersions - Gradle version information cache is up-to-date. Trying to read.
2017-12-05 17:20:36,237 [Worker-2] INFO  c.g.t.t.d.PublishedGradleVersions - Gradle version information cache is up-to-date. Trying to read.
2017-12-05 18:50:35,935 [Worker-6] INFO  c.g.t.t.d.PublishedGradleVersions - Gradle version information cache is up-to-date. Trying to read.
2017-12-07 14:43:17,285 [Worker-8] INFO  c.g.t.t.d.PublishedGradleVersions - Gradle version information cache is out-of-date. Trying to update.
